2026-03-13 19:23:39,802 | INFO | iniciando processamento do arquivo
2026-03-13 19:23:39,818 | INFO | id=1001 | lendo linha
2026-03-13 19:23:39,821 | INFO | id=1001 | iniciando validaçăo
2026-03-13 19:23:39,821 | INFO | id=1001 | classificado | queue=N1-INCIDENTES | prioridade=alta
2026-03-13 19:23:39,821 | INFO | id=1001 | enviando para API
2026-03-13 19:23:39,834 | INFO | id=1001 | status=sucesso | queue=N1-INCIDENTES | prioridade=alta | tentativas=1
2026-03-13 19:23:39,843 | INFO | id=1002 | lendo linha
2026-03-13 19:23:39,846 | INFO | id=1002 | iniciando validaçăo
2026-03-13 19:23:39,847 | INFO | id=1002 | classificado | queue=N1-SUPORTE | prioridade=media
2026-03-13 19:23:39,847 | INFO | id=1002 | enviando para API
2026-03-13 19:23:39,863 | INFO | id=1002 | status=sucesso | queue=N1-SUPORTE | prioridade=media | tentativas=1
2026-03-13 19:23:39,869 | INFO | id=1003 | lendo linha
2026-03-13 19:23:39,872 | INFO | id=1003 | iniciando validaçăo
2026-03-13 19:23:39,873 | INFO | id=1003 | classificado | queue=BACKOFFICE-FIN | prioridade=media
2026-03-13 19:23:39,873 | INFO | id=1003 | enviando para API
2026-03-13 19:23:39,878 | INFO | id=1003 | status=sucesso | queue=BACKOFFICE-FIN | prioridade=media | tentativas=1
2026-03-13 19:23:39,885 | INFO | id=1004 | lendo linha
2026-03-13 19:23:39,887 | INFO | id=1004 | iniciando validaçăo
2026-03-13 19:23:39,888 | INFO | id=1004 | classificado | queue=PRODUTO | prioridade=baixa
2026-03-13 19:23:39,888 | INFO | id=1004 | enviando para API
2026-03-13 19:23:39,912 | INFO | id=1004 | status=sucesso | queue=PRODUTO | prioridade=baixa | tentativas=1
2026-03-13 19:23:39,918 | INFO | id=1005 | lendo linha
2026-03-13 19:23:39,921 | INFO | id=1005 | iniciando validaçăo
2026-03-13 19:23:39,921 | INFO | id=1005 | classificado | queue=N1-INCIDENTES | prioridade=alta
2026-03-13 19:23:39,922 | INFO | id=1005 | enviando para API
2026-03-13 19:23:39,927 | INFO | id=1005 | status=sucesso | queue=N1-INCIDENTES | prioridade=alta | tentativas=1
2026-03-13 19:23:39,933 | INFO | id=1006 | lendo linha
2026-03-13 19:23:39,936 | INFO | id=1006 | iniciando validaçăo
2026-03-13 19:23:39,936 | ERROR | id=1006 | status=erro_validacao | erro=campo obrigatório ausente: descricao
2026-03-13 19:23:39,943 | INFO | id=1007 | lendo linha
2026-03-13 19:23:39,946 | INFO | id=1007 | iniciando validaçăo
2026-03-13 19:23:39,946 | ERROR | id=1007 | status=erro_validacao | erro=email inválido
2026-03-13 19:23:39,953 | INFO | id=1008 | lendo linha
2026-03-13 19:23:39,956 | INFO | id=1008 | iniciando validaçăo
2026-03-13 19:23:39,956 | ERROR | id=1008 | status=erro_validacao | erro=telefone inválido (somente números >=10)
2026-03-13 19:23:39,963 | INFO | id=1009 | lendo linha
2026-03-13 19:23:39,966 | INFO | id=1009 | iniciando validaçăo
2026-03-13 19:23:39,966 | ERROR | id=1009 | status=erro_validacao | erro=incidente sem meio de contato
2026-03-13 19:23:39,972 | INFO | id=1010 | lendo linha
2026-03-13 19:23:39,974 | INFO | id=1010 | iniciando validaçăo
2026-03-13 19:23:39,974 | ERROR | id=1010 | status=erro_validacao | erro=data inválida
2026-03-13 19:23:39,981 | INFO | id=1011 | lendo linha
2026-03-13 19:23:39,984 | INFO | id=1011 | iniciando validaçăo
2026-03-13 19:23:39,985 | INFO | id=1011 | classificado | queue=N1-SUPORTE | prioridade=baixa
2026-03-13 19:23:39,985 | INFO | id=1011 | enviando para API
2026-03-13 19:23:40,012 | INFO | id=1011 | status=sucesso | queue=N1-SUPORTE | prioridade=baixa | tentativas=1
2026-03-13 19:23:40,018 | INFO | id=1012 | lendo linha
2026-03-13 19:23:40,021 | INFO | id=1012 | iniciando validaçăo
2026-03-13 19:23:40,021 | INFO | id=1012 | classificado | queue=BACKOFFICE-FIN | prioridade=media
2026-03-13 19:23:40,021 | INFO | id=1012 | enviando para API
2026-03-13 19:23:40,026 | INFO | id=1012 | status=sucesso | queue=BACKOFFICE-FIN | prioridade=media | tentativas=1
2026-03-13 19:23:40,033 | INFO | id=1013 | lendo linha
2026-03-13 19:23:40,036 | INFO | id=1013 | iniciando validaçăo
2026-03-13 19:23:40,036 | INFO | id=1013 | classificado | queue=PRODUTO | prioridade=baixa
2026-03-13 19:23:40,037 | INFO | id=1013 | enviando para API
2026-03-13 19:23:40,042 | INFO | id=1013 | status=sucesso | queue=PRODUTO | prioridade=baixa | tentativas=1
2026-03-13 19:23:40,049 | INFO | id=1014 | lendo linha
2026-03-13 19:23:40,052 | INFO | id=1014 | iniciando validaçăo
2026-03-13 19:23:40,052 | INFO | id=1014 | classificado | queue=N1-INCIDENTES | prioridade=alta
2026-03-13 19:23:40,052 | INFO | id=1014 | enviando para API
2026-03-13 19:23:40,079 | INFO | id=1014 | status=sucesso | queue=N1-INCIDENTES | prioridade=alta | tentativas=1
2026-03-13 19:23:40,086 | INFO | id=1015 | lendo linha
2026-03-13 19:23:40,088 | INFO | id=1015 | iniciando validaçăo
2026-03-13 19:23:40,089 | INFO | id=1015 | classificado | queue=N1-SUPORTE | prioridade=baixa
2026-03-13 19:23:40,089 | INFO | id=1015 | enviando para API
2026-03-13 19:23:40,094 | INFO | id=1015 | status=sucesso | queue=N1-SUPORTE | prioridade=baixa | tentativas=1
2026-03-13 19:23:40,102 | INFO | id=1003 | lendo linha
2026-03-13 19:23:40,105 | INFO | id=1003 | já processado anteriormente
2026-03-13 19:23:40,105 | INFO | id=1001 | lendo linha
2026-03-13 19:23:40,106 | INFO | id=1001 | já processado anteriormente
2026-03-13 19:23:40,106 | INFO | id=1016 | lendo linha
2026-03-13 19:23:40,107 | INFO | id=1016 | iniciando validaçăo
2026-03-13 19:23:40,108 | INFO | id=1016 | classificado | queue=N1-SUPORTE | prioridade=media
2026-03-13 19:23:40,108 | INFO | id=1016 | enviando para API
2026-03-13 19:23:40,114 | INFO | id=1016 | status=sucesso | queue=N1-SUPORTE | prioridade=media | tentativas=1
2026-03-13 19:24:23,770 | INFO | iniciando processamento do arquivo
2026-03-13 19:24:23,821 | INFO | id=1001 | lendo linha
2026-03-13 19:24:23,846 | INFO | id=1001 | já processado anteriormente
2026-03-13 19:24:23,870 | INFO | id=1002 | lendo linha
2026-03-13 19:24:23,871 | INFO | id=1002 | já processado anteriormente
2026-03-13 19:24:23,917 | INFO | id=1003 | lendo linha
2026-03-13 19:24:23,919 | INFO | id=1003 | já processado anteriormente
2026-03-13 19:24:23,944 | INFO | id=1004 | lendo linha
2026-03-13 19:24:23,945 | INFO | id=1004 | já processado anteriormente
2026-03-13 19:24:23,973 | INFO | id=1005 | lendo linha
2026-03-13 19:24:23,975 | INFO | id=1005 | já processado anteriormente
2026-03-13 19:24:23,997 | INFO | id=1006 | lendo linha
2026-03-13 19:24:23,998 | INFO | id=1006 | já processado anteriormente
2026-03-13 19:24:23,999 | INFO | id=1007 | lendo linha
2026-03-13 19:24:24,001 | INFO | id=1007 | já processado anteriormente
2026-03-13 19:24:24,001 | INFO | id=1008 | lendo linha
2026-03-13 19:24:24,004 | INFO | id=1008 | já processado anteriormente
2026-03-13 19:24:24,004 | INFO | id=1009 | lendo linha
2026-03-13 19:24:24,006 | INFO | id=1009 | já processado anteriormente
2026-03-13 19:24:24,007 | INFO | id=1010 | lendo linha
2026-03-13 19:24:24,009 | INFO | id=1010 | já processado anteriormente
2026-03-13 19:24:24,009 | INFO | id=1011 | lendo linha
2026-03-13 19:24:24,010 | INFO | id=1011 | já processado anteriormente
2026-03-13 19:24:24,011 | INFO | id=1012 | lendo linha
2026-03-13 19:24:24,013 | INFO | id=1012 | já processado anteriormente
2026-03-13 19:24:24,014 | INFO | id=1013 | lendo linha
2026-03-13 19:24:24,016 | INFO | id=1013 | já processado anteriormente
2026-03-13 19:24:24,018 | INFO | id=1014 | lendo linha
2026-03-13 19:24:24,020 | INFO | id=1014 | já processado anteriormente
2026-03-13 19:24:24,021 | INFO | id=1015 | lendo linha
2026-03-13 19:24:24,023 | INFO | id=1015 | já processado anteriormente
2026-03-13 19:24:24,023 | INFO | id=1003 | lendo linha
2026-03-13 19:24:24,026 | INFO | id=1003 | já processado anteriormente
2026-03-13 19:24:24,026 | INFO | id=1001 | lendo linha
2026-03-13 19:24:24,030 | INFO | id=1001 | já processado anteriormente
2026-03-13 19:24:24,030 | INFO | id=1016 | lendo linha
2026-03-13 19:24:24,033 | INFO | id=1016 | já processado anteriormente
2026-03-13 19:32:55,932 | INFO | iniciando processamento do arquivo
2026-03-13 19:32:55,935 | INFO | id=1001 | lendo linha
2026-03-13 19:32:55,937 | INFO | id=1001 | já processado anteriormente
2026-03-13 19:32:55,938 | INFO | id=1002 | lendo linha
2026-03-13 19:32:55,940 | INFO | id=1002 | já processado anteriormente
2026-03-13 19:32:55,941 | INFO | id=1003 | lendo linha
2026-03-13 19:32:55,943 | INFO | id=1003 | já processado anteriormente
2026-03-13 19:32:55,944 | INFO | id=1004 | lendo linha
2026-03-13 19:32:55,947 | INFO | id=1004 | já processado anteriormente
2026-03-13 19:32:55,948 | INFO | id=1005 | lendo linha
2026-03-13 19:32:55,951 | INFO | id=1005 | já processado anteriormente
2026-03-13 19:32:55,956 | INFO | id=1006 | lendo linha
2026-03-13 19:32:55,960 | INFO | id=1006 | já processado anteriormente
2026-03-13 19:32:55,961 | INFO | id=1007 | lendo linha
2026-03-13 19:32:55,963 | INFO | id=1007 | já processado anteriormente
2026-03-13 19:32:55,964 | INFO | id=1008 | lendo linha
2026-03-13 19:32:55,967 | INFO | id=1008 | já processado anteriormente
2026-03-13 19:32:55,970 | INFO | id=1009 | lendo linha
2026-03-13 19:32:55,973 | INFO | id=1009 | já processado anteriormente
2026-03-13 19:32:55,974 | INFO | id=1010 | lendo linha
2026-03-13 19:32:55,976 | INFO | id=1010 | já processado anteriormente
2026-03-13 19:32:55,978 | INFO | id=1011 | lendo linha
2026-03-13 19:32:55,981 | INFO | id=1011 | já processado anteriormente
2026-03-13 19:32:55,982 | INFO | id=1012 | lendo linha
2026-03-13 19:32:55,984 | INFO | id=1012 | já processado anteriormente
2026-03-13 19:32:55,984 | INFO | id=1013 | lendo linha
2026-03-13 19:32:55,986 | INFO | id=1013 | já processado anteriormente
2026-03-13 19:32:55,988 | INFO | id=1014 | lendo linha
2026-03-13 19:32:55,990 | INFO | id=1014 | já processado anteriormente
2026-03-13 19:32:55,990 | INFO | id=1015 | lendo linha
2026-03-13 19:32:55,992 | INFO | id=1015 | já processado anteriormente
2026-03-13 19:32:55,992 | INFO | id=1003 | lendo linha
2026-03-13 19:32:55,995 | INFO | id=1003 | já processado anteriormente
2026-03-13 19:32:55,995 | INFO | id=1001 | lendo linha
2026-03-13 19:32:55,997 | INFO | id=1001 | já processado anteriormente
2026-03-13 19:32:55,998 | INFO | id=1016 | lendo linha
2026-03-13 19:32:55,999 | INFO | id=1016 | já processado anteriormente
2026-03-14 00:42:55,815 | INFO | iniciando processamento do arquivo
2026-03-14 00:42:55,829 | INFO | id=1001 | lendo linha
2026-03-14 00:42:55,830 | INFO | id=1001 | já processado anteriormente
2026-03-14 00:42:55,831 | INFO | id=1002 | lendo linha
2026-03-14 00:42:55,832 | INFO | id=1002 | já processado anteriormente
2026-03-14 00:42:55,833 | INFO | id=1003 | lendo linha
2026-03-14 00:42:55,834 | INFO | id=1003 | já processado anteriormente
2026-03-14 00:42:55,835 | INFO | id=1004 | lendo linha
2026-03-14 00:42:55,836 | INFO | id=1004 | já processado anteriormente
2026-03-14 00:42:55,837 | INFO | id=1005 | lendo linha
2026-03-14 00:42:55,838 | INFO | id=1005 | já processado anteriormente
2026-03-14 00:42:55,838 | INFO | id=1006 | lendo linha
2026-03-14 00:42:55,839 | INFO | id=1006 | já processado anteriormente
2026-03-14 00:42:55,840 | INFO | id=1007 | lendo linha
2026-03-14 00:42:55,841 | INFO | id=1007 | já processado anteriormente
2026-03-14 00:42:55,842 | INFO | id=1008 | lendo linha
2026-03-14 00:42:55,846 | INFO | id=1008 | já processado anteriormente
2026-03-14 00:42:55,847 | INFO | id=1009 | lendo linha
2026-03-14 00:42:55,848 | INFO | id=1009 | já processado anteriormente
2026-03-14 00:42:55,849 | INFO | id=1010 | lendo linha
2026-03-14 00:42:55,850 | INFO | id=1010 | já processado anteriormente
2026-03-14 00:42:55,850 | INFO | id=1011 | lendo linha
2026-03-14 00:42:55,851 | INFO | id=1011 | já processado anteriormente
2026-03-14 00:42:55,852 | INFO | id=1012 | lendo linha
2026-03-14 00:42:55,854 | INFO | id=1012 | já processado anteriormente
2026-03-14 00:42:55,854 | INFO | id=1013 | lendo linha
2026-03-14 00:42:55,856 | INFO | id=1013 | já processado anteriormente
2026-03-14 00:42:55,856 | INFO | id=1014 | lendo linha
2026-03-14 00:42:55,858 | INFO | id=1014 | já processado anteriormente
2026-03-14 00:42:55,859 | INFO | id=1015 | lendo linha
2026-03-14 00:42:55,861 | INFO | id=1015 | já processado anteriormente
2026-03-14 00:42:55,861 | INFO | id=1003 | lendo linha
2026-03-14 00:42:55,863 | INFO | id=1003 | já processado anteriormente
2026-03-14 00:42:55,864 | INFO | id=1001 | lendo linha
2026-03-14 00:42:55,865 | INFO | id=1001 | já processado anteriormente
2026-03-14 00:42:55,866 | INFO | id=1016 | lendo linha
2026-03-14 00:42:55,867 | INFO | id=1016 | já processado anteriormente
2026-03-14 00:44:42,661 | INFO | iniciando processamento do arquivo
2026-03-14 00:44:42,663 | INFO | id=1001 | lendo linha
2026-03-14 00:44:42,665 | INFO | id=1001 | já processado anteriormente
2026-03-14 00:44:42,666 | INFO | id=1002 | lendo linha
2026-03-14 00:44:42,667 | INFO | id=1002 | já processado anteriormente
2026-03-14 00:44:42,667 | INFO | id=1003 | lendo linha
2026-03-14 00:44:42,668 | INFO | id=1003 | já processado anteriormente
2026-03-14 00:44:42,669 | INFO | id=1004 | lendo linha
2026-03-14 00:44:42,670 | INFO | id=1004 | já processado anteriormente
2026-03-14 00:44:42,670 | INFO | id=1005 | lendo linha
2026-03-14 00:44:42,671 | INFO | id=1005 | já processado anteriormente
2026-03-14 00:44:42,671 | INFO | id=1006 | lendo linha
2026-03-14 00:44:42,672 | INFO | id=1006 | já processado anteriormente
2026-03-14 00:44:42,673 | INFO | id=1007 | lendo linha
2026-03-14 00:44:42,674 | INFO | id=1007 | já processado anteriormente
2026-03-14 00:44:42,674 | INFO | id=1008 | lendo linha
2026-03-14 00:44:42,675 | INFO | id=1008 | já processado anteriormente
2026-03-14 00:44:42,675 | INFO | id=1009 | lendo linha
2026-03-14 00:44:42,676 | INFO | id=1009 | já processado anteriormente
2026-03-14 00:44:42,677 | INFO | id=1010 | lendo linha
2026-03-14 00:44:42,678 | INFO | id=1010 | já processado anteriormente
2026-03-14 00:44:42,678 | INFO | id=1011 | lendo linha
2026-03-14 00:44:42,679 | INFO | id=1011 | já processado anteriormente
2026-03-14 00:44:42,680 | INFO | id=1012 | lendo linha
2026-03-14 00:44:42,685 | INFO | id=1012 | já processado anteriormente
2026-03-14 00:44:42,686 | INFO | id=1013 | lendo linha
2026-03-14 00:44:42,691 | INFO | id=1013 | já processado anteriormente
2026-03-14 00:44:42,695 | INFO | id=1014 | lendo linha
2026-03-14 00:44:42,696 | INFO | id=1014 | já processado anteriormente
2026-03-14 00:44:42,697 | INFO | id=1015 | lendo linha
2026-03-14 00:44:42,699 | INFO | id=1015 | já processado anteriormente
2026-03-14 00:44:42,699 | INFO | id=1003 | lendo linha
2026-03-14 00:44:42,700 | INFO | id=1003 | já processado anteriormente
2026-03-14 00:44:42,701 | INFO | id=1001 | lendo linha
2026-03-14 00:44:42,702 | INFO | id=1001 | já processado anteriormente
2026-03-14 00:44:42,703 | INFO | id=1016 | lendo linha
2026-03-14 00:44:42,704 | INFO | id=1016 | já processado anteriormente
2026-03-14 00:46:57,687 | INFO | iniciando processamento do arquivo
2026-03-14 00:46:57,700 | INFO | id=1001 | já processado anteriormente
2026-03-14 00:46:57,702 | INFO | id=1002 | já processado anteriormente
2026-03-14 00:46:57,704 | INFO | id=1003 | já processado anteriormente
2026-03-14 00:46:57,706 | INFO | id=1004 | já processado anteriormente
2026-03-14 00:46:57,707 | INFO | id=1005 | já processado anteriormente
2026-03-14 00:46:57,709 | INFO | id=1006 | já processado anteriormente
2026-03-14 00:46:57,711 | INFO | id=1007 | já processado anteriormente
2026-03-14 00:46:57,714 | INFO | id=1008 | já processado anteriormente
2026-03-14 00:46:57,716 | INFO | id=1009 | já processado anteriormente
2026-03-14 00:46:57,719 | INFO | id=1010 | já processado anteriormente
2026-03-14 00:46:57,721 | INFO | id=1011 | já processado anteriormente
2026-03-14 00:46:57,723 | INFO | id=1012 | já processado anteriormente
2026-03-14 00:46:57,725 | INFO | id=1013 | já processado anteriormente
2026-03-14 00:46:57,726 | INFO | id=1014 | já processado anteriormente
2026-03-14 00:46:57,728 | INFO | id=1015 | já processado anteriormente
2026-03-14 00:46:57,730 | INFO | id=1003 | já processado anteriormente
2026-03-14 00:46:57,732 | INFO | id=1001 | já processado anteriormente
2026-03-14 00:46:57,735 | INFO | id=1016 | já processado anteriormente
2026-03-14 21:27:28,374 | INFO | iniciando processamento do arquivo
2026-03-14 21:27:28,403 | INFO | id=1001 | já processado anteriormente
2026-03-14 21:27:28,404 | INFO | id=1002 | já processado anteriormente
2026-03-14 21:27:28,405 | INFO | id=1003 | já processado anteriormente
2026-03-14 21:27:28,405 | INFO | id=1004 | já processado anteriormente
2026-03-14 21:27:28,406 | INFO | id=1005 | já processado anteriormente
2026-03-14 21:27:28,407 | INFO | id=1006 | já processado anteriormente
2026-03-14 21:27:28,407 | INFO | id=1007 | já processado anteriormente
2026-03-14 21:27:28,408 | INFO | id=1008 | já processado anteriormente
2026-03-14 21:27:28,409 | INFO | id=1009 | já processado anteriormente
2026-03-14 21:27:28,410 | INFO | id=1010 | já processado anteriormente
2026-03-14 21:27:28,411 | INFO | id=1011 | já processado anteriormente
2026-03-14 21:27:28,412 | INFO | id=1012 | já processado anteriormente
2026-03-14 21:27:28,413 | INFO | id=1013 | já processado anteriormente
2026-03-14 21:27:28,414 | INFO | id=1014 | já processado anteriormente
2026-03-14 21:27:28,414 | INFO | id=1015 | já processado anteriormente
2026-03-14 21:27:28,415 | INFO | id=1003 | já processado anteriormente
2026-03-14 21:27:28,416 | INFO | id=1001 | já processado anteriormente
2026-03-14 21:27:28,418 | INFO | id=1016 | já processado anteriormente
